2024-03-28 10:11:43,112 - INFO - Data fetched successfully from C:/Users/sahil/Desktop/questkart/dept.csv
2024-03-28 10:11:43,113 - INFO - Data fetched successfully from C:/Users/sahil/Desktop/questkart/dept.csv
2024-03-28 10:11:43,117 - INFO - Data preview of source source_01:
   department_id  department_name  manager_id
0              1      Engineering           1
1              2  Human Resources           3
2              3        Marketing           4
2024-03-28 10:11:43,118 - INFO - Memory usage of source source_01:
227
2024-03-28 10:11:43,121 - INFO - Data preview of source source_02:
   department_id  department_name  manager_id
0              1      Engineering           1
1              2  Human Resources           3
2              3        Marketing           4
2024-03-28 10:11:43,121 - INFO - Memory usage of source source_02:
227
2024-03-28 10:11:43,126 - INFO - Data preview after iteration 1:
   department_id department_name_x  ...  department_name_y manager_id_y
0              1       Engineering  ...        Engineering            1
1              2   Human Resources  ...    Human Resources            3
2              3         Marketing  ...          Marketing            4

[3 rows x 5 columns]
2024-03-28 10:11:43,126 - INFO - Merge operations completed successfully.
2024-03-28 10:11:43,130 - INFO - Final Merged Data preview:
   department_id department_name_x  ...  department_name_y manager_id_y
0              1       Engineering  ...        Engineering            1
1              2   Human Resources  ...    Human Resources            3
2              3         Marketing  ...          Marketing            4

[3 rows x 5 columns]
2024-03-28 10:11:43,135 - INFO - Memory usage of merged df:
298
2024-03-28 10:11:43,545 - INFO - Data stored successfully to the Learning.Q1 table in the postgres database.
